Determining if the pthread_create exist failed with the following output:
Change Dir: /home/benjamin/Desktop/SpaceObject/GLProj/build-dir/CMakeFiles/CMakeTmp

Run Build Command:"/usr/bin/make" "cmTC_38a9f/fast"
/usr/bin/make -f CMakeFiles/cmTC_38a9f.dir/build.make CMakeFiles/cmTC_38a9f.dir/build
make[1]: Entering directory '/home/benjamin/Desktop/SpaceObject/GLProj/build-dir/CMakeFiles/CMakeTmp'
Building C object CMakeFiles/cmTC_38a9f.dir/CheckSymbolExists.c.o
/usr/bin/cc    -o CMakeFiles/cmTC_38a9f.dir/CheckSymbolExists.c.o   -c /home/benjamin/Desktop/SpaceObject/GLProj/build-dir/CMakeFiles/CMakeTmp/CheckSymbolExists.c
Linking C executable cmTC_38a9f
/usr/bin/cmake -E cmake_link_script CMakeFiles/cmTC_38a9f.dir/link.txt --verbose=1
/usr/bin/cc      -rdynamic CMakeFiles/cmTC_38a9f.dir/CheckSymbolExists.c.o  -o cmTC_38a9f 
CMakeFiles/cmTC_38a9f.dir/CheckSymbolExists.c.o: In function `main':
CheckSymbolExists.c:(.text+0x1b): undefined reference to `pthread_create'
collect2: error: ld returned 1 exit status
CMakeFiles/cmTC_38a9f.dir/build.make:97: recipe for target 'cmTC_38a9f' failed
make[1]: *** [cmTC_38a9f] Error 1
make[1]: Leaving directory '/home/benjamin/Desktop/SpaceObject/GLProj/build-dir/CMakeFiles/CMakeTmp'
Makefile:126: recipe for target 'cmTC_38a9f/fast' failed
make: *** [cmTC_38a9f/fast] Error 2

File /home/benjamin/Desktop/SpaceObject/GLProj/build-dir/CMakeFiles/CMakeTmp/CheckSymbolExists.c:
/* */
#include <pthread.h>

int main(int argc, char** argv)
{
  (void)argv;
#ifndef pthread_create
  return ((int*)(&pthread_create))[argc];
#else
  (void)argc;
  return 0;
#endif
}

Determining if the function pthread_create exists in the pthreads failed with the following output:
Change Dir: /home/benjamin/Desktop/SpaceObject/GLProj/build-dir/CMakeFiles/CMakeTmp

Run Build Command:"/usr/bin/make" "cmTC_7ae5e/fast"
/usr/bin/make -f CMakeFiles/cmTC_7ae5e.dir/build.make CMakeFiles/cmTC_7ae5e.dir/build
make[1]: Entering directory '/home/benjamin/Desktop/SpaceObject/GLProj/build-dir/CMakeFiles/CMakeTmp'
Building C object CMakeFiles/cmTC_7ae5e.dir/CheckFunctionExists.c.o
/usr/bin/cc   -DCHECK_FUNCTION_EXISTS=pthread_create   -o CMakeFiles/cmTC_7ae5e.dir/CheckFunctionExists.c.o   -c /usr/share/cmake-3.10/Modules/CheckFunctionExists.c
Linking C executable cmTC_7ae5e
/usr/bin/cmake -E cmake_link_script CMakeFiles/cmTC_7ae5e.dir/link.txt --verbose=1
/usr/bin/cc  -DCHECK_FUNCTION_EXISTS=pthread_create    -rdynamic CMakeFiles/cmTC_7ae5e.dir/CheckFunctionExists.c.o  -o cmTC_7ae5e -lpthreads 
/usr/bin/ld: cannot find -lpthreads
collect2: error: ld returned 1 exit status
CMakeFiles/cmTC_7ae5e.dir/build.make:97: recipe for target 'cmTC_7ae5e' failed
make[1]: *** [cmTC_7ae5e] Error 1
make[1]: Leaving directory '/home/benjamin/Desktop/SpaceObject/GLProj/build-dir/CMakeFiles/CMakeTmp'
Makefile:126: recipe for target 'cmTC_7ae5e/fast' failed
make: *** [cmTC_7ae5e/fast] Error 2


